node.exe : [1m[33m
At C:\Users\nandh\AppData\Roaming\npm\ng.ps1:24 char:5
+     & "node$exe"  "$basedir/node_modules/@angular/cli/bin/ng.js" $arg ...
+     ~~~~~~~~~~~~~~~~~~~~~~~~~~~~~~~~~~~~~~~~~~~~~~~~~~~~~~~~~~~~~~~~~
    + CategoryInfo          : NotSpecified: ([1m[33m:String) [], RemoteException
    + FullyQualifiedErrorId : NativeCommandError
 
Warning: This is a simple server for use in testing or debugging Angular applications
locally. It hasn't been reviewed for security issues.

Binding this server to an open connection can result in compromising your application or
computer. Using a different host than the one passed to the "--host" flag might result in
websocket connection issues. You might need to use "--disable-host-check" if that's the
case.
    [39m[22m
[33m>[39m Building...
[32mΓêÜ[39m Building...
[1mInitial chunk files[22m[2m | [22m[1mNames[22m        [2m | [22m [1mRaw size[22m
[32mmain.js[39m            [2m | [22m[2mmain[22m         [2m | [22m[36m646.60 kB[39m[2m | [22m
[32mstyles.css[39m         [2m | [22m[2mstyles[22m       [2m | [22m[36m174.02 kB[39m[2m | [22m
[32mpolyfills.js[39m       [2m | [22m[2mpolyfills[22m    [2m | [22m [36m90.20 kB[39m[2m | [22m

[1m [22m                  [2m | [22m[1mInitial total[22m[2m | [22m[1m910.82 kB[22m

Application bundle generation complete. [15.981 seconds]

Watch mode enabled. Watching for file changes...
NOTE: Raw file sizes do not reflect development server per-request transformations.
  [32mΓ₧£[39m  [1mLocal[22m:   [36mhttp://localhost:[1m4200[22m/[39m
  [32mΓ₧£[39m  [1mNetwork[22m: [36mhttp://10.70.181.168:[1m4200[22m/[39m
[33m>[39m Changes detected. Rebuilding...
[32mΓêÜ[39m Changes detected. Rebuilding...
[1mInitial chunk files[22m[2m | [22m[1mNames[22m[2m | [22m [1mRaw size[22m
[32mmain.js[39m            [2m | [22m[2mmain[22m [2m | [22m[36m646.93 kB[39m[2m | [22m

Application bundle generation complete. [4.760 seconds]

Page reload sent to client(s).
[33m>[39m Changes detected. Rebuilding...
[32mΓêÜ[39m Changes detected. Rebuilding...
[1mInitial chunk files[22m[2m | [22m[1mNames[22m[2m | [22m [1mRaw size[22m
[32mmain.js[39m            [2m | [22m[2mmain[22m [2m | [22m[36m647.26 kB[39m[2m | [22m

Application bundle generation complete. [1.385 seconds]

Page reload sent to client(s).
[33m>[39m Changes detected. Rebuilding...
[32mΓêÜ[39m Changes detected. Rebuilding...
[1mInitial chunk files[22m[2m | [22m[1mNames[22m[2m | [22m [1mRaw size[22m
[32mmain.js[39m            [2m | [22m[2mmain[22m [2m | [22m[36m647.65 kB[39m[2m | [22m

Application bundle generation complete. [2.008 seconds]

Page reload sent to client(s).
[33m>[39m Changes detected. Rebuilding...
[32mΓêÜ[39m Changes detected. Rebuilding...
[1mInitial chunk files[22m[2m | [22m[1mNames[22m[2m | [22m [1mRaw size[22m
[32mmain.js[39m            [2m | [22m[2mmain[22m [2m | [22m[36m648.33 kB[39m[2m | [22m

Application bundle generation complete. [1.416 seconds]

Page reload sent to client(s).
[33m>[39m Changes detected. Rebuilding...
[32mΓêÜ[39m Changes detected. Rebuilding...
[1mInitial chunk files[22m[2m | [22m[1mNames[22m[2m | [22m [1mRaw size[22m
[32mmain.js[39m            [2m | [22m[2mmain[22m [2m | [22m[36m648.37 kB[39m[2m | [22m

Application bundle generation complete. [1.994 seconds]

Page reload sent to client(s).
[33m>[39m Changes detected. Rebuilding...
[32mΓêÜ[39m Changes detected. Rebuilding...
Application bundle generation failed. [1.525 seconds]

[1m[31m[31mX [41;31m[[41;97mERROR[41;31m][0m [1mTS2304: Cannot find name 'Observable'.[0m [1m[35m[plugin 
angular-compiler][0m

    src/app/pages/sub-merchants/sub-merchants-page.component.ts:1128:46:
[37m      1128 Γöé ...id: number, action: () => [32mObservable[37m<any>, msg: string, onNex...
           Γò╡                              [32m~~~~~~~~~~[0m


[31mX [41;31m[[41;97mERROR[41;31m][0m [1mTS7006: Parameter 'res' implicitly has an 'any' type.[0m 
[1m[35m[plugin angular-compiler][0m

    src/app/pages/sub-merchants/sub-merchants-page.component.ts:1132:13:
[37m      1132 Γöé       next: ([32mres[37m) => {
           Γò╡              [32m~~~[0m


[31mX [41;31m[[41;97mERROR[41;31m][0m [1mTS7006: Parameter 'err' implicitly has an 'any' type.[0m 
[1m[35m[plugin angular-compiler][0m

    src/app/pages/sub-merchants/sub-merchants-page.component.ts:1138:14:
[37m      1138 Γöé       error: ([32merr[37m) => {
           Γò╡               [32m~~~[0m

[39m[22m
[33m>[39m Changes detected. Rebuilding...
[32mΓêÜ[39m Changes detected. Rebuilding...
Application bundle generation failed. [1.303 seconds]

[1m[31m[31mX [41;31m[[41;97mERROR[41;31m][0m [1mTS2304: Cannot find name 'Observable'.[0m [1m[35m[plugin 
angular-compiler][0m

    src/app/pages/sub-merchants/sub-merchants-page.component.ts:1133:46:
[37m      1133 Γöé ...id: number, action: () => [32mObservable[37m<any>, msg: string, onNex...
           Γò╡                              [32m~~~~~~~~~~[0m


[31mX [41;31m[[41;97mERROR[41;31m][0m [1mTS7006: Parameter 'res' implicitly has an 'any' type.[0m 
[1m[35m[plugin angular-compiler][0m

    src/app/pages/sub-merchants/sub-merchants-page.component.ts:1137:13:
[37m      1137 Γöé       next: ([32mres[37m) => {
           Γò╡              [32m~~~[0m


[31mX [41;31m[[41;97mERROR[41;31m][0m [1mTS7006: Parameter 'err' implicitly has an 'any' type.[0m 
[1m[35m[plugin angular-compiler][0m

    src/app/pages/sub-merchants/sub-merchants-page.component.ts:1143:14:
[37m      1143 Γöé       error: ([32merr[37m) => {
           Γò╡               [32m~~~[0m

[39m[22m
[33m>[39m Changes detected. Rebuilding...
[32mΓêÜ[39m Changes detected. Rebuilding...
Application bundle generation failed. [1.547 seconds]

[1m[31m[31mX [41;31m[[41;97mERROR[41;31m][0m [1mTS2304: Cannot find name 'Observable'.[0m [1m[35m[plugin 
angular-compiler][0m

    src/app/pages/sub-merchants/sub-merchants-page.component.ts:1133:46:
[37m      1133 Γöé ...id: number, action: () => [32mObservable[37m<any>, msg: string, onNex...
           Γò╡                              [32m~~~~~~~~~~[0m


[31mX [41;31m[[41;97mERROR[41;31m][0m [1mTS7006: Parameter 'res' implicitly has an 'any' type.[0m 
[1m[35m[plugin angular-compiler][0m

    src/app/pages/sub-merchants/sub-merchants-page.component.ts:1137:13:
[37m      1137 Γöé       next: ([32mres[37m) => {
           Γò╡              [32m~~~[0m


[31mX [41;31m[[41;97mERROR[41;31m][0m [1mTS7006: Parameter 'err' implicitly has an 'any' type.[0m 
[1m[35m[plugin angular-compiler][0m

    src/app/pages/sub-merchants/sub-merchants-page.component.ts:1148:14:
[37m      1148 Γöé       error: ([32merr[37m) => {
           Γò╡               [32m~~~[0m

[39m[22m
[33m>[39m Changes detected. Rebuilding...
[32mΓêÜ[39m Changes detected. Rebuilding...
[1mInitial chunk files[22m[2m | [22m[1mNames[22m        [2m | [22m [1mRaw size[22m
[32mmain.js[39m            [2m | [22m[2mmain[22m         [2m | [22m[36m653.48 kB[39m[2m | [22m
[32mstyles.css[39m         [2m | [22m[2mstyles[22m       [2m | [22m[36m174.02 kB[39m[2m | [22m
[32mpolyfills.js[39m       [2m | [22m[2mpolyfills[22m    [2m | [22m [36m90.20 kB[39m[2m | [22m

[1m [22m                  [2m | [22m[1mInitial total[22m[2m | [22m[1m917.69 kB[22m

Application bundle generation complete. [2.158 seconds]

Page reload sent to client(s).
